50
50
345
17
50
50
50
345
355
355
345
345
345
345
345
17
17
17
20
20
20
20
20
17
17
50
50
345
345
345
17
17
20
20
20
20
20
20
17
20
20
20
20
50
345
345
50
17
50
50
50
17
17
345
50
50
345
50
50
355
345
345
50
50
50
86
86
86
86
86
86
86
86
17
50
86
86
86
86
86
86
86
86
86
345
86
355
355
355
355
86
86
86
86
86
86
86
112
112
112
112
112
112
112
112
112
112
112
112
112
112
112
112
112
246
112
112
86
86
112
112
246
246
246
246
302
112
246
246
246
246
246
246
246
112
112
112
246
302
302
112
112
246
246
246
246
246
246
246
246
246
246
246
246
218
218
246
218
246
246
246
218
218
218
218
246
246
218
218
246
218
218
246
246
218
218
218
218
218
218
218
218
218
218
218
218
218
218
218
218
218
218
218
218
218
218
218
218
218
218
218
218
218
218
218
218
218
218
218
218
246
246
218
218
218
218
218
218
218
218
218
218
218
218
218
218
218
218
218
218
218
218
218
218
218
218
218
218
218
218
218
218
218
246
246
246
246
246
246
246
246
246
246
246
218
246
246
246
246
246
246
246
246
246
246
246
246
246
246
246
246
246
112
112
112
246
246
246
246
246
112
112
246
246
302
302
86
86
302
302
302
302
302
302
302
302
302
302
302
302
302
302
302
302
112
302
302
302
302
246
246
246
302
302
302
302
355
355
302
302
302
302
302
355
345
17
17
50
345
345
345
345
355
355
355
345
345
355
355
355
355
355
345
345
345
345
345
345
355
302
302
355
355
355
355
355
355
355
355
355
355
355
355
355
355
