50
50
345
17
50
50
50
345
355
355
345
345
345
345
345
17
17
17
20
20
20
20
20
17
17
50
50
345
345
345
17
17
20
20
20
20
20
20
17
20
20
20
20
50
345
72
50
72
50
50
50
17
17
345
50
50
345
72
50
355
72
72
72
50
50
72
72
72
72
72
72
72
72
72
72
72
72
72
72
72
72
72
72
72
345
72
355
355
355
355
345
72
302
72
72
110
110
110
110
110
284
110
110
148
148
110
110
110
110
110
110
110
110
148
284
284
110
110
110
110
284
148
148
245
148
148
148
245
148
148
148
148
148
148
110
148
148
148
302
110
110
148
245
284
148
148
148
148
148
148
148
148
148
245
245
218
148
245
245
245
245
218
218
218
218
245
245
218
245
245
218
218
245
245
245
218
218
218
218
218
218
218
218
218
218
218
218
218
218
218
218
218
218
218
218
218
218
218
218
218
218
218
218
218
218
218
218
218
218
245
245
245
218
218
218
218
218
218
218
218
218
218
218
218
218
218
218
218
218
218
218
218
218
218
218
218
245
218
218
218
218
218
218
245
245
245
245
284
284
245
245
245
245
245
218
245
245
245
245
245
245
245
284
245
245
245
148
245
284
284
284
284
284
284
284
284
284
245
245
302
284
284
284
284
284
302
302
72
302
302
284
302
302
302
302
302
302
284
302
302
302
302
302
284
284
302
302
302
302
302
245
302
302
302
302
302
355
355
302
302
302
302
302
355
345
17
17
50
345
345
345
345
355
355
355
345
345
355
355
355
355
355
345
345
345
345
345
345
355
302
302
355
355
355
355
355
355
355
355
355
355
355
355
355
355
