2	
2	
2	
55	
2	
2	
2	
2	
2	
55	
2	
2	
2	
2	
2	
55	
55	
341	
341	
341	
341	
55	
55	
55	
2	
2	
2	
2	
55	
55	
2	
2	
2	
2	
55	
55	
55	
2	
2	
2	
2	
2	
2	
2	
2	
55	
71	
55	
71	
2	
2	
55	
341	
55	
55	
2	
71	
71	
71	
55	
71	
55	
55	
71	
71	
71	
71	
71	
71	
71	
71	
71	
55	
55	
55	
71	
110	
55	
71	
55	
71	
110	
55	
313	
313	
71	
110	
110	
110	
110	
110	
110	
55	
55	
110	
71	
71	
71	
110	
110	
110	
110	
110	
110	
110	
268	
268	
110	
110	
110	
110	
268	
268	
268	
313	
268	
268	
268	
268	
268	
268	
268	
268	
268	
268	
233	
233	
233	
233	
233	
233	
268	
233	
268	
268	
268	
233	
233	
268	
268	
268	
268	
268	
268	
268	
268	
268	
268	
268	
233	
233	
233	
233	
238	
185	
185	
185	
185	
185	
238	
238	
238	
238	
238	
233	
233	
233	
268	
268	
233	
233	
233	
268	
233	
233	
233	
233	
233	
233	
233	
238	
238	
238	
185	
185	
185	
185	
199	
199	
238	
238	
238	
185	
185	
185	
185	
199	
199	
199	
199	
199	
199	
199	
199	
199	
199	
238	
238	
238	
238	
233	
238	
238	
238	
185	
185	
199	
199	
199	
199	
199	
185	
185	
199	
199	
185	
185	
233	
233	
238	
233	
233	
233	
233	
233	
233	
238	
238	
238	
238	
238	
185	
185	
238	
238	
238	
238	
248	
233	
233	
268	
268	
268	
268	
268	
268	
238	
233	
233	
238	
238	
233	
233	
268	
268	
268	
268	
268	
268	
268	
268	
268	
313	
313	
268	
268	
268	
268	
268	
268	
268	
268	
268	
268	
313	
268	
268	
268	
313	
313	
313	
313	
313	
313	
110	
313	
313	
313	
313	
313	
313	
268	
268	
313	
313	
313	
313	
313	
313	
313	
313	
313	
313	
313	
313	
313	
313	
313	
313	
341	
341	
341	
55	
55	
313	
341	
341	
55	
55	
55	
2	
2	
2	
55	
341	
341	
341	
341	
341	
341	
341	
341	
341	
341	
341	
341	
341	
341	
341	
341	
341	
341	
341	
341	
341	
341	
341	
341	
341	
341	
341	
341	
341	
341	
2	
