25
13
355
25
25
25
13
13
13
355
355
13
13
13
13
13
25
21
21
21
21
21
25
25
25
13
25
13
13
21
25
25
21
21
21
21
25
21
25
25
21
21
21
13
83
83
83
83
70
25
13
83
25
83
13
13
13
70
25
13
13
70
70
70
70
70
70
70
70
70
70
70
25
25
25
83
83
83
83
83
83
83
83
83
13
70
302
355
302
70
70
70
302
302
110
110
110
110
110
110
115
110
110
110
110
115
110
110
110
110
110
110
110
268
115
115
115
110
110
110
268
115
115
115
115
268
174
230
230
172
174
174
174
230
110
110
172
174
302
110
110
174
230
172
115
268
174
174
174
172
172
268
174
174
174
196
172
172
174
174
174
174
230
230
115
174
174
174
174
174
230
172
174
174
174
196
196
172
172
196
196
196
196
196
196
172
196
196
196
174
196
172
172
230
196
196
196
196
172
172
196
196
196
196
230
172
172
230
174
230
174
174
172
172
196
230
230
196
196
115
172
230
230
196
230
230
172
172
230
230
230
230
196
196
115
230
230
230
230
230
172
230
230
230
230
268
268
115
172
268
174
230
268
268
115
230
230
302
115
268
268
268
230
230
268
268
268
268
268
268
268
268
268
268
268
115
115
302
302
302
268
268
115
115
115
302
302
302
302
302
115
302
302
302
302
302
302
115
302
302
302
302
302
302
268
302
302
302
302
302
302
302
302
302
302
302
355
355
302
355
355
355
355
355
83
25
25
355
13
13
355
355
355
355
355
355
355
355
355
355
355
355
355
355
355
355
83
21
355
355
355
355
355
355
355
355
355
355
355
355
355
355
355
355
355
