17
345
17
17
17
17
345
345
345
317
354
345
345
345
345
345
17
17
21
21
21
21
21
17
17
345
21
345
345
21
17
17
21
21
21
21
21
17
17
72
72
21
21
21
21
17
21
72
72
345
72
17
17
345
345
72
345
72
72
354
345
345
72
72
72
354
72
72
72
72
72
72
72
17
72
72
72
72
72
72
72
72
72
72
72
72
354
354
317
317
72
72
72
72
72
110
110
110
110
110
115
110
148
148
148
110
110
110
110
110
110
110
110
110
115
115
115
110
110
110
115
115
115
210
210
148
148
268
148
148
148
148
148
268
110
148
148
148
148
268
110
148
268
115
115
268
148
148
148
148
193
148
148
148
218
218
148
193
268
268
268
268
218
193
193
268
268
148
210
210
193
193
268
268
148
218
218
193
193
218
218
218
218
218
218
193
218
218
210
210
210
193
193
218
218
218
218
218
193
193
218
218
218
218
218
210
193
210
210
210
210
210
193
193
218
218
218
218
218
193
193
218
218
218
218
218
193
193
210
210
218
218
218
218
193
210
210
210
210
210
193
193
218
210
210
268
210
115
268
268
268
268
268
268
115
115
210
210
210
210
268
268
268
268
268
268
268
268
268
268
268
268
268
268
268
115
115
303
210
268
268
268
115
115
115
303
72
72
303
303
115
303
303
303
317
303
115
115
303
303
303
303
303
303
115
303
303
303
303
303
303
303
317
317
317
317
317
317
354
317
317
317
317
317
17
17
21
345
345
21
345
345
354
345
345
345
345
345
354
354
303
354
345
345
345
345
21
21
303
345
345
317
354
354
317
317
354
354
354
354
354
354
354
354
354
